### Start Thu Jan  5 10:44:41 2017
# /opt/oracle/solarisstudio12.4/bin/../bin/amd64/er_archive -nA -O /zhome/0d/c/115407/Courses/hpc/assignment1/assign1_tools/collector.blk.3615297.er/er_archive.log /zhome/0d/c/115407/Courses/hpc/assignment1/assign1_tools/collector.blk.3615297.er
Copying `/zhome/0d/c/115407/Courses/hpc/assignment1/assign1_tools/matmult_c.gcc'
  to `/zhome/0d/c/115407/Courses/hpc/assignment1/assign1_tools/collector.blk.3615297.er/archives/matmult_c.gcc_ics3FpVYCk5'
Copying `/lib64/ld-2.12.so'
  to `/zhome/0d/c/115407/Courses/hpc/assignment1/assign1_tools/collector.blk.3615297.er/archives/ld-2.12.so_aP_8v-wjLK7'
Copying `/lib64/libdl-2.12.so'
  to `/zhome/0d/c/115407/Courses/hpc/assignment1/assign1_tools/collector.blk.3615297.er/archives/libdl-2.12.so_aP_8v-wjLK7'
Copying `/lib64/libc-2.12.so'
  to `/zhome/0d/c/115407/Courses/hpc/assignment1/assign1_tools/collector.blk.3615297.er/archives/libc-2.12.so_aP_8v-wjLK7'
Copying `/lib64/libpthread-2.12.so'
  to `/zhome/0d/c/115407/Courses/hpc/assignment1/assign1_tools/collector.blk.3615297.er/archives/libpthread-2.12.so_aP_8v-wjLK7'
Copying `/lib64/librt-2.12.so'
  to `/zhome/0d/c/115407/Courses/hpc/assignment1/assign1_tools/collector.blk.3615297.er/archives/librt-2.12.so_aP_8v-wjLK7'
Copying `/lib64/libm-2.12.so'
  to `/zhome/0d/c/115407/Courses/hpc/assignment1/assign1_tools/collector.blk.3615297.er/archives/libm-2.12.so_aP_8v-wjLK7'
Copying `/usr/lib64/atlas/libatlas.so.3.0'
  to `/zhome/0d/c/115407/Courses/hpc/assignment1/assign1_tools/collector.blk.3615297.er/archives/libatlas.so.3.0_bkXz1NQ1lK8'
Copying `/zhome/0d/c/115407/Courses/hpc/assignment1/assign1_tools/libmatmult.so'
  to `/zhome/0d/c/115407/Courses/hpc/assignment1/assign1_tools/collector.blk.3615297.er/archives/libmatmult.so_ics3FpVYCk5'
Copying `/usr/lib64/atlas/libcblas.so.3.0'
  to `/zhome/0d/c/115407/Courses/hpc/assignment1/assign1_tools/collector.blk.3615297.er/archives/libcblas.so.3.0_bkXz1NQ1lK8'
Copying `/opt/oracle/solarisstudio12.4/lib/analyzer/amd64/runtime/libcollector.so'
  to `/zhome/0d/c/115407/Courses/hpc/assignment1/assign1_tools/collector.blk.3615297.er/archives/libcollector.so_QoIRzKtiYk4'
