### Start Fri Jan 13 17:30:11 2017
# /opt/oracle/solarisstudio12.4/bin/../bin/amd64/er_archive -nA -O /zhome/0d/c/115407/Courses/hpcintro/assignment2/3_omp-jacobi/3rd-bis_with_collapse_and_explicit_barr/3.3bis.3642243.er/er_archive.log /zhome/0d/c/115407/Courses/hpcintro/assignment2/3_omp-jacobi/3rd-bis_with_collapse_and_explicit_barr/3.3bis.3642243.er
Copying `/zhome/0d/c/115407/Courses/hpcintro/assignment2/3_omp-jacobi/3rd-bis_with_collapse_and_explicit_barr/3_omp_jacobi'
  to `/zhome/0d/c/115407/Courses/hpcintro/assignment2/3_omp-jacobi/3rd-bis_with_collapse_and_explicit_barr/3.3bis.3642243.er/archives/3_omp_jacobi_58puO2FPRze'
Copying `/lib64/ld-2.12.so'
  to `/zhome/0d/c/115407/Courses/hpcintro/assignment2/3_omp-jacobi/3rd-bis_with_collapse_and_explicit_barr/3.3bis.3642243.er/archives/ld-2.12.so_aP_8v-wjLK7'
Copying `/lib64/libdl-2.12.so'
  to `/zhome/0d/c/115407/Courses/hpcintro/assignment2/3_omp-jacobi/3rd-bis_with_collapse_and_explicit_barr/3.3bis.3642243.er/archives/libdl-2.12.so_aP_8v-wjLK7'
Copying `/lib64/libc-2.12.so'
  to `/zhome/0d/c/115407/Courses/hpcintro/assignment2/3_omp-jacobi/3rd-bis_with_collapse_and_explicit_barr/3.3bis.3642243.er/archives/libc-2.12.so_aP_8v-wjLK7'
Copying `/lib64/libpthread-2.12.so'
  to `/zhome/0d/c/115407/Courses/hpcintro/assignment2/3_omp-jacobi/3rd-bis_with_collapse_and_explicit_barr/3.3bis.3642243.er/archives/libpthread-2.12.so_aP_8v-wjLK7'
Copying `/lib64/librt-2.12.so'
  to `/zhome/0d/c/115407/Courses/hpcintro/assignment2/3_omp-jacobi/3rd-bis_with_collapse_and_explicit_barr/3.3bis.3642243.er/archives/librt-2.12.so_aP_8v-wjLK7'
Copying `/lib64/libm-2.12.so'
  to `/zhome/0d/c/115407/Courses/hpcintro/assignment2/3_omp-jacobi/3rd-bis_with_collapse_and_explicit_barr/3.3bis.3642243.er/archives/libm-2.12.so_aP_8v-wjLK7'
Copying `/opt/oracle/solarisstudio12.4/lib/compilers/rtlibs/usr/lib/amd64/libmtsk_crt.so.1'
  to `/zhome/0d/c/115407/Courses/hpcintro/assignment2/3_omp-jacobi/3rd-bis_with_collapse_and_explicit_barr/3.3bis.3642243.er/archives/libmtsk_crt.so.1_QFVeeoiOyH5'
Copying `/opt/oracle/solarisstudio12.4/lib/compilers/rtlibs/usr/lib/amd64/libmtsk.so.1'
  to `/zhome/0d/c/115407/Courses/hpcintro/assignment2/3_omp-jacobi/3rd-bis_with_collapse_and_explicit_barr/3.3bis.3642243.er/archives/libmtsk.so.1_QFVeeoiOyH5'
Copying `/opt/oracle/solarisstudio12.4/lib/analyzer/amd64/runtime/libcollector.so'
  to `/zhome/0d/c/115407/Courses/hpcintro/assignment2/3_omp-jacobi/3rd-bis_with_collapse_and_explicit_barr/3.3bis.3642243.er/archives/libcollector.so_QoIRzKtiYk4'
